<?xml version="1.0" encoding="UTF-8"?>
<!-- Generated by org.testng.reporters.JUnitXMLReporter -->
<testsuite hostname="DESKTOP-C7PVSGK" name="The Internet Site Demo" tests="3" failures="1" timestamp="29 Dec 2016 02:44:35 GMT" time="358.933" errors="0">
  <testcase name="testAndroid1" time="46.956" classname="testSuites.LoginPage"/>
  <testcase name="testAndroid2" time="0.002" classname="testSuites.LoginPage"/>
  <testcase name="testAndroid3" time="15.491" classname="testSuites.LoginPage">
    <failure type="org.openqa.selenium.NoSuchElementException" message="An element could not be located on the page using the given search parameters. (WARNING: The server did not provide any stacktrace information)
Command duration or timeout: 15.42 seconds
For documentation on this error, please visit: http://seleniumhq.org/exceptions/no_such_element.html
Build info: version: &amp;apos;2.46.0&amp;apos;, revision: &amp;apos;61506a4624b13675f24581e453592342b7485d71&amp;apos;, time: &amp;apos;2015-06-04 10:22:50&amp;apos;
System info: host: &amp;apos;DESKTOP-C7PVSGK&amp;apos;, ip: &amp;apos;192.168.1.85&amp;apos;, os.name: &amp;apos;Windows 10&amp;apos;, os.arch: &amp;apos;amd64&amp;apos;, os.version: &amp;apos;10.0&amp;apos;, java.version: &amp;apos;1.8.0_111&amp;apos;
Driver info: io.appium.java_client.android.AndroidDriver
Capabilities [{app=E:\Company\automationTest\project_Appium\BeeCowProjectMobile\FoodyVN.apk, appPackage=com.foody.vn.activity.demo, networkConnectionEnabled=true, warnings={}, databaseEnabled=false, deviceName=emulator-5554, platform=LINUX, desired={app=E:\Company\automationTest\project_Appium\BeeCowProjectMobile\FoodyVN.apk, appPackage=com.foody.vn.activity.demo, platformVersion=4.4.2, platformName=Android, deviceName=ASUS_T00N}, platformVersion=4.4.2, webStorageEnabled=false, locationContextEnabled=false, browserName=Android, takesScreenshot=true, javascriptEnabled=true, platformName=Android}]
Session ID: cf30a594-d4fa-464f-a068-9e4980c51862
*** Element info: {Using=id, value=com.foody.vn.activity.demo:id/btnDone}">
      <![CDATA[org.openqa.selenium.NoSuchElementException: An element could not be located on the page using the given search parameters. (WARNING: The server did not provide any stacktrace information)
Command duration or timeout: 15.42 seconds
For documentation on this error, please visit: http://seleniumhq.org/exceptions/no_such_element.html
Build info: version: '2.46.0', revision: '61506a4624b13675f24581e453592342b7485d71', time: '2015-06-04 10:22:50'
System info: host: 'DESKTOP-C7PVSGK', ip: '192.168.1.85', os.name: 'Windows 10', os.arch: 'amd64', os.version: '10.0', java.version: '1.8.0_111'
Driver info: io.appium.java_client.android.AndroidDriver
Capabilities [{app=E:\Company\automationTest\project_Appium\BeeCowProjectMobile\FoodyVN.apk, appPackage=com.foody.vn.activity.demo, networkConnectionEnabled=true, warnings={}, databaseEnabled=false, deviceName=emulator-5554, platform=LINUX, desired={app=E:\Company\automationTest\project_Appium\BeeCowProjectMobile\FoodyVN.apk, appPackage=com.foody.vn.activity.demo, platformVersion=4.4.2, platformName=Android, deviceName=ASUS_T00N}, platformVersion=4.4.2, webStorageEnabled=false, locationContextEnabled=false, browserName=Android, takesScreenshot=true, javascriptEnabled=true, platformName=Android}]
Session ID: cf30a594-d4fa-464f-a068-9e4980c51862
*** Element info: {Using=id, value=com.foody.vn.activity.demo:id/btnDone}
	at org.openqa.selenium.remote.ErrorHandler.createThrowable(ErrorHandler.java:204)
	at org.openqa.selenium.remote.ErrorHandler.throwIfResponseFailed(ErrorHandler.java:156)
	at org.openqa.selenium.remote.RemoteWebDriver.execute(RemoteWebDriver.java:605)
	at io.appium.java_client.DefaultGenericMobileDriver.execute(DefaultGenericMobileDriver.java:42)
	at io.appium.java_client.AppiumDriver.execute(AppiumDriver.java:1)
	at io.appium.java_client.android.AndroidDriver.execute(AndroidDriver.java:1)
	at org.openqa.selenium.remote.RemoteWebDriver.findElement(RemoteWebDriver.java:358)
	at org.openqa.selenium.remote.RemoteWebDriver.findElementById(RemoteWebDriver.java:399)
	at io.appium.java_client.DefaultGenericMobileDriver.findElementById(DefaultGenericMobileDriver.java:62)
	at io.appium.java_client.AppiumDriver.findElementById(AppiumDriver.java:1)
	at io.appium.java_client.android.AndroidDriver.findElementById(AndroidDriver.java:1)
	at org.openqa.selenium.By$ById.findElement(By.java:215)
	at org.openqa.selenium.remote.RemoteWebDriver.findElement(RemoteWebDriver.java:350)
	at io.appium.java_client.DefaultGenericMobileDriver.findElement(DefaultGenericMobileDriver.java:52)
	at io.appium.java_client.AppiumDriver.findElement(AppiumDriver.java:1)
	at io.appium.java_client.android.AndroidDriver.findElement(AndroidDriver.java:1)
	at support.Helper.findElement(Helper.java:106)
	at screenObjects.LoginScreen.clickNextButton(LoginScreen.java:96)
	at testSuites.LoginPage.testAndroid3(LoginPage.java:47)
... Removed 31 stack frames]]>
    </failure>
  </testcase> <!-- testAndroid3 -->
</testsuite> <!-- The Internet Site Demo -->
